Started GET "/sa" for 127.0.0.1 at 2017-12-07 17:57:22 +0700
  [1m[36mActiveRecord::SchemaMigration Load (0.5ms)[0m  [1m[34mSELECT "schema_migrations".* FROM "schema_migrations"[0m
Processing by PagesController#index as HTML
  Parameters: {"locale"=>"sa"}
Unpermitted parameter: locale
  [1m[35m (0.1ms)[0m  [1m[35mBEGIN[0m
  [1m[35m (0.2ms)[0m  [1m[31mROLLBACK[0m
  Rendering pages/index.html.slim within layouts/application
  Rendered shared/_section_one.html.slim (32.1ms)
  Rendered shared/_testimony.html.slim (7.9ms)
  Rendered shared/_newslatter.html.slim (16.0ms)
  Rendered shared/_contact_section.html.slim (29.1ms)
  Rendered pages/index.html.slim within layouts/application (170.5ms)
  Rendered layouts/_analytics.html.slim (3.0ms)
  Rendered shared/_navbar.html.slim (45.6ms)
  Rendered shared/_footer.html.slim (20.7ms)
  Rendered layouts/_analytics_bottom.html.slim (5.2ms)
Completed 200 OK in 853ms (Views: 807.5ms | ActiveRecord: 4.1ms)


Started GET "/id" for 127.0.0.1 at 2017-12-07 17:58:29 +0700
Processing by PagesController#index as HTML
  Parameters: {"locale"=>"id"}
Unpermitted parameter: locale
  [1m[35m (0.5ms)[0m  [1m[35mBEGIN[0m
  [1m[35m (0.2ms)[0m  [1m[31mROLLBACK[0m
  Rendering pages/index.html.slim within layouts/application
  Rendered shared/_section_one.html.slim (47.8ms)
  Rendered shared/_testimony.html.slim (23.7ms)
  Rendered shared/_newslatter.html.slim (13.4ms)
  Rendered shared/_contact_section.html.slim (25.5ms)
  Rendered pages/index.html.slim within layouts/application (203.7ms)
  Rendered layouts/_analytics.html.slim (3.3ms)
  Rendered shared/_navbar.html.slim (24.1ms)
  Rendered shared/_footer.html.slim (10.6ms)
  Rendered layouts/_analytics_bottom.html.slim (3.3ms)
Completed 200 OK in 340ms (Views: 330.5ms | ActiveRecord: 0.7ms)


Started GET "/id" for 127.0.0.1 at 2017-12-07 17:58:48 +0700
Processing by PagesController#index as HTML
  Parameters: {"locale"=>"id"}
Unpermitted parameter: locale
  [1m[35m (0.3ms)[0m  [1m[35mBEGIN[0m
  [1m[35m (0.2ms)[0m  [1m[31mROLLBACK[0m
  Rendering pages/index.html.slim within layouts/application
  Rendered shared/_section_one.html.slim (15.4ms)
  Rendered shared/_testimony.html.slim (9.5ms)
  Rendered shared/_newslatter.html.slim (5.9ms)
  Rendered shared/_contact_section.html.slim (12.5ms)
  Rendered pages/index.html.slim within layouts/application (101.8ms)
  Rendered layouts/_analytics.html.slim (5.1ms)
  Rendered shared/_navbar.html.slim (21.3ms)
  Rendered shared/_footer.html.slim (17.3ms)
  Rendered layouts/_analytics_bottom.html.slim (2.4ms)
Completed 200 OK in 288ms (Views: 251.6ms | ActiveRecord: 0.4ms)


Started GET "/id" for 127.0.0.1 at 2017-12-07 17:59:18 +0700
Processing by PagesController#index as HTML
  Parameters: {"locale"=>"id"}
Unpermitted parameter: locale
  [1m[35m (0.2ms)[0m  [1m[35mBEGIN[0m
  [1m[35m (0.4ms)[0m  [1m[31mROLLBACK[0m
  Rendering pages/index.html.slim within layouts/application
  Rendered shared/_section_one.html.slim (62.8ms)
  Rendered shared/_testimony.html.slim (25.7ms)
  Rendered shared/_newslatter.html.slim (7.4ms)
  Rendered shared/_contact_section.html.slim (25.7ms)
  Rendered pages/index.html.slim within layouts/application (203.8ms)
  Rendered layouts/_analytics.html.slim (6.3ms)
  Rendered shared/_navbar.html.slim (29.5ms)
  Rendered shared/_footer.html.slim (23.1ms)
  Rendered layouts/_analytics_bottom.html.slim (7.4ms)
Completed 200 OK in 413ms (Views: 406.5ms | ActiveRecord: 0.6ms)


